<?xml version="1.0" encoding="UTF-8"?>
<!-- Generated by org.testng.reporters.JUnitReportReporter -->
<testsuite hostname="Faruq" failures="0" tests="2" name="com.facebook.loginTests.LoginTest" time="4.401" errors="0" timestamp="2023-10-07T13:57:59 EDT" skipped="0">
  <testcase classname="com.facebook.loginTests.LoginTest" name="loginTest1" time="2.627"/>
  <system-out/>
  <testcase classname="com.facebook.loginTests.LoginTest" name="loginTest" time="1.774"/>
  <system-out/>
</testsuite> <!-- com.facebook.loginTests.LoginTest -->
